Compiled jquery.js  (6ms)  (pid 16281)
Compiled jquery_ujs.js  (0ms)  (pid 16281)
Compiled script.js  (0ms)  (pid 16281)
Compiled script0706.js  (0ms)  (pid 16281)
Compiled session.js  (74ms)  (pid 16281)
Compiled tweet.js  (27ms)  (pid 16281)
Compiled application.js  (313ms)  (pid 16281)
Compiled application.css  (0ms)  (pid 16281)
Compiled jquery.js  (7ms)  (pid 16281)
Compiled jquery_ujs.js  (0ms)  (pid 16281)
Compiled script.js  (0ms)  (pid 16281)
Compiled script0706.js  (0ms)  (pid 16281)
Compiled session.js  (72ms)  (pid 16281)
Compiled tweet.js  (49ms)  (pid 16281)
Compiled application.js  (290ms)  (pid 16281)
Compiled application.css  (0ms)  (pid 16281)
Compiled jquery.js  (6ms)  (pid 16349)
Compiled jquery_ujs.js  (0ms)  (pid 16349)
Compiled script.js  (0ms)  (pid 16349)
Compiled script0706.js  (0ms)  (pid 16349)
Compiled session.js  (75ms)  (pid 16349)
Compiled tweet.js  (55ms)  (pid 16349)
Compiled application.js  (308ms)  (pid 16349)
Compiled application.css  (0ms)  (pid 16349)
Compiled jquery.js  (8ms)  (pid 16349)
Compiled jquery_ujs.js  (0ms)  (pid 16349)
Compiled script.js  (0ms)  (pid 16349)
Compiled script0706.js  (0ms)  (pid 16349)
Compiled session.js  (72ms)  (pid 16349)
Compiled tweet.js  (14ms)  (pid 16349)
Compiled application.js  (297ms)  (pid 16349)
Compiled application.css  (0ms)  (pid 16349)
Compiled jquery.js  (6ms)  (pid 5134)
Compiled jquery_ujs.js  (0ms)  (pid 5134)
Compiled script.js  (0ms)  (pid 5134)
Compiled script0706.js  (0ms)  (pid 5134)
Compiled session.js  (71ms)  (pid 5134)
Compiled tweet.js  (60ms)  (pid 5134)
Compiled application.js  (301ms)  (pid 5134)
Compiled application.css  (0ms)  (pid 5134)
Compiled jquery.js  (7ms)  (pid 5134)
Compiled jquery_ujs.js  (0ms)  (pid 5134)
Compiled script.js  (0ms)  (pid 5134)
Compiled script0706.js  (0ms)  (pid 5134)
Compiled session.js  (73ms)  (pid 5134)
Compiled tweet.js  (50ms)  (pid 5134)
Compiled application.js  (290ms)  (pid 5134)
Compiled application.css  (0ms)  (pid 5134)
Compiled jquery.js  (7ms)  (pid 5576)
Compiled jquery_ujs.js  (0ms)  (pid 5576)
Compiled script.js  (0ms)  (pid 5576)
Compiled script0706.js  (0ms)  (pid 5576)
Compiled session.js  (109ms)  (pid 5576)
Compiled tweet.js  (15ms)  (pid 5576)
Compiled application.js  (295ms)  (pid 5576)
Compiled application.css  (0ms)  (pid 5576)
Compiled jquery.js  (8ms)  (pid 5576)
Compiled jquery_ujs.js  (0ms)  (pid 5576)
Compiled script.js  (0ms)  (pid 5576)
Compiled script0706.js  (0ms)  (pid 5576)
Compiled session.js  (106ms)  (pid 5576)
Compiled tweet.js  (15ms)  (pid 5576)
Compiled application.js  (287ms)  (pid 5576)
Compiled application.css  (0ms)  (pid 5576)
Compiled jquery.js  (6ms)  (pid 2884)
Compiled jquery_ujs.js  (0ms)  (pid 2884)
Compiled script.js  (0ms)  (pid 2884)
Compiled script0706.js  (0ms)  (pid 2884)
Compiled session.js  (135ms)  (pid 2884)
Compiled tweet.js  (14ms)  (pid 2884)
Compiled application.js  (356ms)  (pid 2884)
Compiled application.css  (0ms)  (pid 2884)
Compiled jquery.js  (6ms)  (pid 2884)
Compiled jquery_ujs.js  (0ms)  (pid 2884)
Compiled script.js  (0ms)  (pid 2884)
Compiled script0706.js  (0ms)  (pid 2884)
Compiled session.js  (106ms)  (pid 2884)
Compiled tweet.js  (14ms)  (pid 2884)
Compiled application.js  (285ms)  (pid 2884)
Compiled application.css  (0ms)  (pid 2884)
Compiled jquery.js  (7ms)  (pid 5842)
Compiled jquery_ujs.js  (0ms)  (pid 5842)
Compiled script.js  (0ms)  (pid 5842)
Compiled script0706.js  (0ms)  (pid 5842)
Compiled session.js  (149ms)  (pid 5842)
Compiled tweet.js  (16ms)  (pid 5842)
Compiled application.js  (300ms)  (pid 5842)
Compiled application.css  (0ms)  (pid 5842)
Compiled jquery.js  (7ms)  (pid 5842)
Compiled jquery_ujs.js  (0ms)  (pid 5842)
Compiled script.js  (0ms)  (pid 5842)
Compiled script0706.js  (0ms)  (pid 5842)
Compiled session.js  (90ms)  (pid 5842)
Compiled tweet.js  (53ms)  (pid 5842)
Compiled application.js  (275ms)  (pid 5842)
Compiled application.css  (0ms)  (pid 5842)
